Arguments: 
  /usr/local/bin/node /usr/local/bin/yarn init

PATH: 
  /usr/local/bin:/usr/share/rvm/bin:/home/melanie718/.rvm/gems/ruby-2.7.2/bin/:/home/melanie718/.vscode-server/bin/30d9c6cd9483b2cc586687151bcbcd635f373630/bin/remote-cli:/usr/local/bin:/home/melanie718/.rvm/gems/ruby-2.7.1/bin:/home/melanie718/.rvm/gems/ruby-2.7.1@global/bin:/usr/share/rvm/rubies/ruby-2.7.1/bin:/usr/share/rvm/bin:/home/melanie718/.rvm/gems/ruby-2.7.2/bin/:/usr/local/sbin:/usr/local/bin:/usr/sbin:/usr/bin:/sbin:/bin:/usr/games:/usr/local/games:/mnt/c/Program Files/WindowsApps/CanonicalGroupLimited.Ubuntu20.04onWindows_2004.2022.8.0_x64__79rhkp1fndgsc:/mnt/c/Program Files (x86)/Common Files/Oracle/Java/javapath:/mnt/c/WINDOWS/system32:/mnt/c/WINDOWS:/mnt/c/WINDOWS/System32/Wbem:/mnt/c/WINDOWS/System32/WindowsPowerShell/v1.0/:/mnt/c/WINDOWS/System32/OpenSSH/:/mnt/c/Program Files/dotnet/:/mnt/c/Program Files/Git/cmd:/mnt/c/Program Files/nodejs/:/mnt/c/Program Files/NVIDIA Corporation/NVIDIA NvDLISR:/mnt/c/Program Files (x86)/NVIDIA Corporation/PhysX/Common:/mnt/c/Program Files/MariaDB 10.6/bin:/mnt/c/Users/Mélanie/AppData/Local/Microsoft/WindowsApps:/mnt/c/Users/Mélanie/.dotnet/tools:/mnt/c/Users/Mélanie/AppData/Local/Programs/Microsoft VS Code/bin:/mnt/c/Users/Mélanie/AppData/Local/GitHubDesktop/bin:/mnt/c/Users/Mélanie/AppData/Roaming/npm

Yarn version: 
  1.22.19

Node version: 
  16.15.1

Platform: 
  linux x64

Trace: 
  Error: canceled
      at Interface.<anonymous> (/usr/local/lib/node_modules/yarn/lib/cli.js:137150:13)
      at Interface.emit (node:events:527:28)
      at Interface._ttyWrite (node:readline:1081:16)
      at ReadStream.onkeypress (node:readline:288:10)
      at ReadStream.emit (node:events:527:28)
      at emitKeys (node:internal/readline/utils:358:14)
      at emitKeys.next (<anonymous>)
      at ReadStream.onData (node:internal/readline/emitKeypressEvents:61:36)
      at ReadStream.emit (node:events:527:28)
      at addChunk (node:internal/streams/readable:315:12)

npm manifest: 
  No manifest

yarn manifest: 
  No manifest

Lockfile: 
  No lockfile
